Using pre-set license
Built from '2021.3/staging' branch; Version is '2021.3.18f1 (3129e69bc0c7) revision 3221990'; Using compiler version '192829333'; Build Type 'Release'
OS: 'Windows 10  (10.0.19045) 64bit Professional' Language: 'ru' Physical Memory: 16254 MB
BatchMode: 1, IsHumanControllingUs: 0, StartBugReporterOnCrash: 0, Is64bit: 1, IsPro: 1

COMMAND LINE ARGUMENTS:
C:\Program Files\Unity\Hub\Editor\2021.3.18f1\Editor\Unity.exe
-adb2
-batchMode
-noUpm
-name
AssetImportWorker0
-projectPath
C:/Users/Mikhail/Desktop/Unity/Rainbow-shooter-2/Rainbow-shooter-2
-logFile
Logs/AssetImportWorker0.log
-srvPort
49771
Successfully changed project path to: C:/Users/Mikhail/Desktop/Unity/Rainbow-shooter-2/Rainbow-shooter-2
C:/Users/Mikhail/Desktop/Unity/Rainbow-shooter-2/Rainbow-shooter-2
[UnityMemory] Configuration Parameters - Can be set up in boot.config
    "memorysetup-bucket-allocator-granularity=16"
    "memorysetup-bucket-allocator-bucket-count=8"
    "memorysetup-bucket-allocator-block-size=33554432"
    "memorysetup-bucket-allocator-block-count=8"
    "memorysetup-main-allocator-block-size=16777216"
    "memorysetup-thread-allocator-block-size=16777216"
    "memorysetup-gfx-main-allocator-block-size=16777216"
    "memorysetup-gfx-thread-allocator-block-size=16777216"
    "memorysetup-cache-allocator-block-size=4194304"
    "memorysetup-typetree-allocator-block-size=2097152"
    "memorysetup-profiler-bucket-allocator-granularity=16"
    "memorysetup-profiler-bucket-allocator-bucket-count=8"
    "memorysetup-profiler-bucket-allocator-block-size=33554432"
    "memorysetup-profiler-bucket-allocator-block-count=8"
    "memorysetup-profiler-allocator-block-size=16777216"
    "memorysetup-profiler-editor-allocator-block-size=1048576"
    "memorysetup-temp-allocator-size-main=16777216"
    "memorysetup-job-temp-allocator-block-size=2097152"
    "memorysetup-job-temp-allocator-block-size-background=1048576"
    "memorysetup-job-temp-allocator-reduction-small-platforms=262144"
    "memorysetup-temp-allocator-size-background-worker=32768"
    "memorysetup-temp-allocator-size-job-worker=262144"
    "memorysetup-temp-allocator-size-preload-manager=33554432"
    "memorysetup-temp-allocator-size-nav-mesh-worker=65536"
    "memorysetup-temp-allocator-size-audio-worker=65536"
    "memorysetup-temp-allocator-size-cloud-worker=32768"
    "memorysetup-temp-allocator-size-gi-baking-worker=262144"
    "memorysetup-temp-allocator-size-gfx=262144"
Player connection [4872] Host "[IP] 192.168.1.7 [Port] 0 [Flags] 2 [Guid] 3953098412 [EditorId] 3953098412 [Version] 1048832 [Id] WindowsEditor(7,DESKTOP-QCT10TA) [Debug] 1 [PackageName] WindowsEditor [ProjectName] Editor" joined multi-casting on [225.0.0.222:54997]...

Player connection [4872] Host "[IP] 192.168.1.7 [Port] 0 [Flags] 2 [Guid] 3953098412 [EditorId] 3953098412 [Version] 1048832 [Id] WindowsEditor(7,DESKTOP-QCT10TA) [Debug] 1 [PackageName] WindowsEditor [ProjectName] Editor" joined alternative multi-casting on [225.0.0.222:34997]...

Refreshing native plugins compatible for Editor in 254.79 ms, found 3 plugins.
Preloading 0 native plugins for Editor in 0.00 ms.
Initialize engine version: 2021.3.18f1 (3129e69bc0c7)
[Subsystems] Discovering subsystems at path C:/Program Files/Unity/Hub/Editor/2021.3.18f1/Editor/Data/Resources/UnitySubsystems
[Subsystems] Discovering subsystems at path C:/Users/Mikhail/Desktop/Unity/Rainbow-shooter-2/Rainbow-shooter-2/Assets
GfxDevice: creating device client; threaded=0; jobified=0
Direct3D:
    Version:  Direct3D 11.0 [level 11.1]
    Renderer: NVIDIA GeForce GTX 1650 (ID=0x1f82)
    Vendor:   NVIDIA
    VRAM:     3962 MB
    Driver:   31.0.15.1694
Initialize mono
Mono path[0] = 'C:/Program Files/Unity/Hub/Editor/2021.3.18f1/Editor/Data/Managed'
Mono path[1] = 'C:/Program Files/Unity/Hub/Editor/2021.3.18f1/Editor/Data/MonoBleedingEdge/lib/mono/unityjit-win32'
Mono config path = 'C:/Program Files/Unity/Hub/Editor/2021.3.18f1/Editor/Data/MonoBleedingEdge/etc'
Using monoOptions --debugger-agent=transport=dt_socket,embedding=1,server=y,suspend=n,address=127.0.0.1:56484
Begin MonoManager ReloadAssembly
Registering precompiled unity dll's ...
Register platform support module: C:/Program Files/Unity/Hub/Editor/2021.3.18f1/Editor/Data/PlaybackEngines/WebGLSupport/UnityEditor.WebGL.Extensions.dll
Register platform support module: C:/Program Files/Unity/Hub/Editor/2021.3.18f1/Editor/Data/PlaybackEngines/WindowsStandaloneSupport/UnityEditor.WindowsStandalone.Extensions.dll
Registered in 0.006764 seconds.
Native extension for WindowsStandalone target not found
Native extension for WebGL target not found
Refreshing native plugins compatible for Editor in 243.85 ms, found 3 plugins.
Preloading 0 native plugins for Editor in 0.00 ms.
Mono: successfully reloaded assembly
- Completed reload, in  0.741 seconds
Domain Reload Profiling:
	ReloadAssembly (741ms)
		BeginReloadAssembly (63ms)
			ExecutionOrderSort (0ms)
			DisableScriptedObjects (0ms)
			BackupInstance (0ms)
			ReleaseScriptingObjects (0ms)
			CreateAndSetChildDomain (1ms)
		EndReloadAssembly (574ms)
			LoadAssemblies (62ms)
			RebuildTransferFunctionScriptingTraits (0ms)
			SetupTypeCache (98ms)
			ReleaseScriptCaches (0ms)
			RebuildScriptCaches (24ms)
			SetupLoadedEditorAssemblies (402ms)
				LogAssemblyErrors (0ms)
				InitializePlatformSupportModulesInManaged (8ms)
				SetLoadedEditorAssemblies (0ms)
				RefreshPlugins (244ms)
				BeforeProcessingInitializeOnLoad (1ms)
				ProcessInitializeOnLoadAttributes (109ms)
				ProcessInitializeOnLoadMethodAttributes (39ms)
				AfterProcessingInitializeOnLoad (0ms)
				EditorAssembliesLoaded (0ms)
			ExecutionOrderSort2 (0ms)
			AwakeInstancesAfterBackupRestoration (0ms)
Platform modules already initialized, skipping
Registering precompiled user dll's ...
Registered in 0.008077 seconds.
Begin MonoManager ReloadAssembly
Symbol file LoadedFromMemory doesn't match image C:\Users\Mikhail\Desktop\Unity\Rainbow-shooter-2\Rainbow-shooter-2\Library\PackageCache\com.unity.visualscripting@1.8.0\Editor\VisualScripting.Core\Dependencies\YamlDotNet\Unity.VisualScripting.YamlDotNet.dll
Symbol file LoadedFromMemory doesn't match image C:\Users\Mikhail\Desktop\Unity\Rainbow-shooter-2\Rainbow-shooter-2\Library\PackageCache\com.unity.visualscripting@1.8.0\Editor\VisualScripting.Core\Dependencies\DotNetZip\Unity.VisualScripting.IonicZip.dll
Native extension for WindowsStandalone target not found
Native extension for WebGL target not found
Refreshing native plugins compatible for Editor in 243.82 ms, found 3 plugins.
Preloading 0 native plugins for Editor in 0.00 ms.
Mono: successfully reloaded assembly
- Completed reload, in  1.480 seconds
Domain Reload Profiling:
	ReloadAssembly (1480ms)
		BeginReloadAssembly (99ms)
			ExecutionOrderSort (0ms)
			DisableScriptedObjects (5ms)
			BackupInstance (0ms)
			ReleaseScriptingObjects (0ms)
			CreateAndSetChildDomain (16ms)
		EndReloadAssembly (1270ms)
			LoadAssemblies (86ms)
			RebuildTransferFunctionScriptingTraits (0ms)
			SetupTypeCache (284ms)
			ReleaseScriptCaches (1ms)
			RebuildScriptCaches (56ms)
			SetupLoadedEditorAssemblies (802ms)
				LogAssemblyErrors (0ms)
				InitializePlatformSupportModulesInManaged (5ms)
				SetLoadedEditorAssemblies (0ms)
				RefreshPlugins (244ms)
				BeforeProcessingInitializeOnLoad (104ms)
				ProcessInitializeOnLoadAttributes (312ms)
				ProcessInitializeOnLoadMethodAttributes (129ms)
				AfterProcessingInitializeOnLoad (7ms)
				EditorAssembliesLoaded (0ms)
			ExecutionOrderSort2 (0ms)
			AwakeInstancesAfterBackupRestoration (5ms)
Platform modules already initialized, skipping
========================================================================
Worker process is ready to serve import requests
Launched and connected shader compiler UnityShaderCompiler.exe after 0.03 seconds
Refreshing native plugins compatible for Editor in 2.85 ms, found 3 plugins.
Preloading 0 native plugins for Editor in 0.00 ms.
Unloading 4831 Unused Serialized files (Serialized files now loaded: 0)
Unloading 39 unused Assets / (30.2 KB). Loaded Objects now: 5314.
Memory consumption went from 279.0 MB to 279.0 MB.
Total: 3.526700 ms (FindLiveObjects: 0.340900 ms CreateObjectMapping: 0.230200 ms MarkObjects: 2.928600 ms  DeleteObjects: 0.026200 ms)

AssetImportParameters requested are different than current active one (requested -> active):
  custom:video-decoder-ogg-theora: a1e56fd34408186e4bbccfd4996cb3dc -> 
  custom:container-muxer-webm: aa71ff27fc2769a1b78a27578f13a17b -> 
  custom:container-demuxer-webm: 4f35f7cbe854078d1ac9338744f61a02 -> 
  custom:video-encoder-webm-vp8: eb34c28f22e8b96e1ab97ce403110664 -> 
  custom:audio-encoder-webm-vorbis: bf7c407c2cedff20999df2af8eb42d56 -> 
  custom:framework-win-MediaFoundation: 216162199b28c13a410421893ffa2e32 -> 
  custom:container-demuxer-ogg: 62fdf1f143b41e24485cea50d1cbac27 -> 
  custom:video-decoder-webm-vp8: 9c59270c3fd7afecdb556c50c9e8de78 -> 
  custom:audio-decoder-ogg-vorbis: bf7c407c2cedff20999df2af8eb42d56 -> 
========================================================================
Received Import Request.
  Time since last request: 357.003560 seconds.
  path: Assets/Menu/SkinShop
  artifactKey: Guid(5d1e66b88c0ad9f4f946027893223809) Importer(815301076,1909f56bfc062723c751e8b465ee728b)
Start importing Assets/Menu/SkinShop using Guid(5d1e66b88c0ad9f4f946027893223809) Importer(815301076,1909f56bfc062723c751e8b465ee728b)  -> (artifact id: '5e5dc83ac68d0ed338aad3d5f94c8afb') in 0.012190 seconds 
========================================================================
Received Import Request.
  Time since last request: 3.033694 seconds.
  path: Assets/Menu/SkinShop/Prefabs
  artifactKey: Guid(ecf61187b8c795540adfb36e84a9d8ff) Importer(815301076,1909f56bfc062723c751e8b465ee728b)
Start importing Assets/Menu/SkinShop/Prefabs using Guid(ecf61187b8c795540adfb36e84a9d8ff) Importer(815301076,1909f56bfc062723c751e8b465ee728b)  -> (artifact id: '59bc308cb27322c4561138ebfb82452f') in 0.005503 seconds 
========================================================================
Received Import Request.
  Time since last request: 7.862323 seconds.
  path: Assets/Menu/SkinShop/Sripts
  artifactKey: Guid(5b779aace925b6d4da07630ac7f5f581) Importer(815301076,1909f56bfc062723c751e8b465ee728b)
Start importing Assets/Menu/SkinShop/Sripts using Guid(5b779aace925b6d4da07630ac7f5f581) Importer(815301076,1909f56bfc062723c751e8b465ee728b)  -> (artifact id: 'eb3ebb3aeff4e39535a6b17518726424') in 0.005229 seconds 
========================================================================
Received Import Request.
  Time since last request: 173.443539 seconds.
  path: Assets/PolygonHeist/Prefab/Characters/Character_Female_FBI_01.prefab
  artifactKey: Guid(e66a409f40d08fa448d220bef83f0194) Importer(815301076,1909f56bfc062723c751e8b465ee728b)
Start importing Assets/PolygonHeist/Prefab/Characters/Character_Female_FBI_01.prefab using Guid(e66a409f40d08fa448d220bef83f0194) Importer(815301076,1909f56bfc062723c751e8b465ee728b)  -> (artifact id: '2f70265408e86d52de30df9e892db8fe') in 0.125436 seconds 
========================================================================
Received Import Request.
  Time since last request: 0.000017 seconds.
  path: Assets/PolygonHeist/Prefab/Characters/Character_Female_Overall_01.prefab
  artifactKey: Guid(1fbcee59a59c2034e8f953ba78938626) Importer(815301076,1909f56bfc062723c751e8b465ee728b)
Start importing Assets/PolygonHeist/Prefab/Characters/Character_Female_Overall_01.prefab using Guid(1fbcee59a59c2034e8f953ba78938626) Importer(815301076,1909f56bfc062723c751e8b465ee728b)  -> (artifact id: '441ad1a410c17b8d779104fb7ba2afda') in 0.027047 seconds 
========================================================================
Received Import Request.
  Time since last request: 0.000018 seconds.
  path: Assets/PolygonHeist/Prefab/Characters/Character_Female_SuitVest_01.prefab
  artifactKey: Guid(b18f8b4669bd235479d8699c07b1020d) Importer(815301076,1909f56bfc062723c751e8b465ee728b)
Start importing Assets/PolygonHeist/Prefab/Characters/Character_Female_SuitVest_01.prefab using Guid(b18f8b4669bd235479d8699c07b1020d) Importer(815301076,1909f56bfc062723c751e8b465ee728b)  -> (artifact id: 'f5887e0918045f86329eeda409806e72') in 0.021879 seconds 
========================================================================
Received Import Request.
  Time since last request: 0.000041 seconds.
  path: Assets/PolygonHeist/Prefab/Characters/Character_Male_FBI.prefab
  artifactKey: Guid(526913fa3e62feb4588e0c6a293ebf9a) Importer(815301076,1909f56bfc062723c751e8b465ee728b)
Start importing Assets/PolygonHeist/Prefab/Characters/Character_Male_FBI.prefab using Guid(526913fa3e62feb4588e0c6a293ebf9a) Importer(815301076,1909f56bfc062723c751e8b465ee728b)  -> (artifact id: '6d06a70f6e35423ff222d57de47a66a5') in 0.017972 seconds 
========================================================================
Received Import Request.
  Time since last request: 0.000023 seconds.
  path: Assets/PolygonHeist/Prefab/Characters/Character_Male_Overall_01.prefab
  artifactKey: Guid(7ff387e26f5e0ca4ca737283862d87ca) Importer(815301076,1909f56bfc062723c751e8b465ee728b)
Start importing Assets/PolygonHeist/Prefab/Characters/Character_Male_Overall_01.prefab using Guid(7ff387e26f5e0ca4ca737283862d87ca) Importer(815301076,1909f56bfc062723c751e8b465ee728b)  -> (artifact id: '139fcc8c70fd8df34ead55f1a46da000') in 0.021360 seconds 
========================================================================
Received Import Request.
  Time since last request: 0.000019 seconds.
  path: Assets/PolygonHeist/Prefab/Characters/Character_Male_SWAT_01.prefab
  artifactKey: Guid(cf78ac9b09f3f284f8988b9e77af54bb) Importer(815301076,1909f56bfc062723c751e8b465ee728b)
Start importing Assets/PolygonHeist/Prefab/Characters/Character_Male_SWAT_01.prefab using Guid(cf78ac9b09f3f284f8988b9e77af54bb) Importer(815301076,1909f56bfc062723c751e8b465ee728b)  -> (artifact id: '7a98d0913e173efef5ca9a36ae31f18a') in 0.037621 seconds 
========================================================================
Received Import Request.
  Time since last request: 0.000016 seconds.
  path: Assets/PolygonHeist/Prefab/Characters/Character_Male_SuitVest_01.prefab
  artifactKey: Guid(8f47f0431ffe1d3468b2b73df367c3df) Importer(815301076,1909f56bfc062723c751e8b465ee728b)
Start importing Assets/PolygonHeist/Prefab/Characters/Character_Male_SuitVest_01.prefab using Guid(8f47f0431ffe1d3468b2b73df367c3df) Importer(815301076,1909f56bfc062723c751e8b465ee728b)  -> (artifact id: '58a07b75a0789e79c810e16ee47c7578') in 0.016405 seconds 
========================================================================
Received Import Request.
  Time since last request: 0.000017 seconds.
  path: Assets/PolygonHeist/Prefab/Characters/Character_Male_Shirt_01.prefab
  artifactKey: Guid(8b753eb53206fd5498417a55a5868692) Importer(815301076,1909f56bfc062723c751e8b465ee728b)
Start importing Assets/PolygonHeist/Prefab/Characters/Character_Male_Shirt_01.prefab using Guid(8b753eb53206fd5498417a55a5868692) Importer(815301076,1909f56bfc062723c751e8b465ee728b)  -> (artifact id: '80d13f999e525794bfd60e7549b3323a') in 0.014918 seconds 
========================================================================
Received Import Request.
  Time since last request: 0.000017 seconds.
  path: Assets/PolygonHeist/Prefab/Characters/Character_Female_Shirt_01.prefab
  artifactKey: Guid(bf2edc0036d05e14f85217eb90c00587) Importer(815301076,1909f56bfc062723c751e8b465ee728b)
Start importing Assets/PolygonHeist/Prefab/Characters/Character_Female_Shirt_01.prefab using Guid(bf2edc0036d05e14f85217eb90c00587) Importer(815301076,1909f56bfc062723c751e8b465ee728b)  -> (artifact id: '0b03f871baaf3551b771b0f51cc0366f') in 0.015637 seconds 
========================================================================
Received Import Request.
  Time since last request: 156.495016 seconds.
  path: Assets/PolygonHeist/Prefab/Environment/SM_Env_Ceiling_01.prefab
  artifactKey: Guid(0f98ebc32ed3f834fa3acfd22bf9d035) Importer(815301076,1909f56bfc062723c751e8b465ee728b)
Start importing Assets/PolygonHeist/Prefab/Environment/SM_Env_Ceiling_01.prefab using Guid(0f98ebc32ed3f834fa3acfd22bf9d035) Importer(815301076,1909f56bfc062723c751e8b465ee728b)  -> (artifact id: 'd12ece3f3f8e0c57dea2d306fe11d8bc') in 0.042071 seconds 
========================================================================
Received Import Request.
  Time since last request: 0.000017 seconds.
  path: Assets/PolygonHeist/Prefab/Environment/SM_Env_Ceiling_02.prefab
  artifactKey: Guid(71a982628f90b7543acbbee0b88d3801) Importer(815301076,1909f56bfc062723c751e8b465ee728b)
Start importing Assets/PolygonHeist/Prefab/Environment/SM_Env_Ceiling_02.prefab using Guid(71a982628f90b7543acbbee0b88d3801) Importer(815301076,1909f56bfc062723c751e8b465ee728b)  -> (artifact id: 'c77d2e47b6375898014db812d9da3647') in 0.019177 seconds 
========================================================================
Received Import Request.
  Time since last request: 0.000017 seconds.
  path: Assets/PolygonHeist/Prefab/Environment/SM_Env_Ceiling_Light_03.prefab
  artifactKey: Guid(73fd09c03ac478646b1ce53fe6cc9cde) Importer(815301076,1909f56bfc062723c751e8b465ee728b)
Start importing Assets/PolygonHeist/Prefab/Environment/SM_Env_Ceiling_Light_03.prefab using Guid(73fd09c03ac478646b1ce53fe6cc9cde) Importer(815301076,1909f56bfc062723c751e8b465ee728b)  -> (artifact id: 'b036164fedc37e0d80d7960808e44900') in 0.032915 seconds 
========================================================================
Received Import Request.
  Time since last request: 0.000023 seconds.
  path: Assets/PolygonHeist/Prefab/Environment/SM_Env_Ceiling_05.prefab
  artifactKey: Guid(8544e7f067b31824a8fef9bc6a8225ae) Importer(815301076,1909f56bfc062723c751e8b465ee728b)
Start importing Assets/PolygonHeist/Prefab/Environment/SM_Env_Ceiling_05.prefab using Guid(8544e7f067b31824a8fef9bc6a8225ae) Importer(815301076,1909f56bfc062723c751e8b465ee728b)  -> (artifact id: '4c54ca987f06301c4238bd87eebcfb5b') in 0.023835 seconds 
========================================================================
Received Import Request.
  Time since last request: 0.000016 seconds.
  path: Assets/PolygonHeist/Prefab/Environment/SM_Env_Ceiling_08.prefab
  artifactKey: Guid(7601f988c99aaa1408a0f0a16252ed17) Importer(815301076,1909f56bfc062723c751e8b465ee728b)
Start importing Assets/PolygonHeist/Prefab/Environment/SM_Env_Ceiling_08.prefab using Guid(7601f988c99aaa1408a0f0a16252ed17) Importer(815301076,1909f56bfc062723c751e8b465ee728b)  -> (artifact id: '0a36ea9c3b55fa51daa408f078dde418') in 0.024487 seconds 
========================================================================
Received Import Request.
  Time since last request: 0.000015 seconds.
  path: Assets/PolygonHeist/Prefab/Environment/SM_Env_Ceiling_06.prefab
  artifactKey: Guid(8e1453f2d149dee4ba34b7befeb6cab0) Importer(815301076,1909f56bfc062723c751e8b465ee728b)
Start importing Assets/PolygonHeist/Prefab/Environment/SM_Env_Ceiling_06.prefab using Guid(8e1453f2d149dee4ba34b7befeb6cab0) Importer(815301076,1909f56bfc062723c751e8b465ee728b)  -> (artifact id: '9e2b1a3a6d6d571779fae2a92efb6265') in 0.029715 seconds 
========================================================================
Received Import Request.
  Time since last request: 0.000024 seconds.
  path: Assets/PolygonHeist/Prefab/Environment/SM_Env_Ceiling_Light_01.prefab
  artifactKey: Guid(15b8f5965d061544594f36ae633a5974) Importer(815301076,1909f56bfc062723c751e8b465ee728b)
Start importing Assets/PolygonHeist/Prefab/Environment/SM_Env_Ceiling_Light_01.prefab using Guid(15b8f5965d061544594f36ae633a5974) Importer(815301076,1909f56bfc062723c751e8b465ee728b)  -> (artifact id: 'e325058983f75784f889c3ada4e01e17') in 0.023412 seconds 
========================================================================
Received Import Request.
  Time since last request: 0.000015 seconds.
  path: Assets/PolygonHeist/Prefab/Environment/SM_Env_Ceiling_07.prefab
  artifactKey: Guid(c5e743e640e894349b16e1b4e02e9b28) Importer(815301076,1909f56bfc062723c751e8b465ee728b)
Start importing Assets/PolygonHeist/Prefab/Environment/SM_Env_Ceiling_07.prefab using Guid(c5e743e640e894349b16e1b4e02e9b28) Importer(815301076,1909f56bfc062723c751e8b465ee728b)  -> (artifact id: '429bd86dd0e447a7fd7fa1c127924304') in 0.028941 seconds 
========================================================================
Received Import Request.
  Time since last request: 0.000018 seconds.
  path: Assets/PolygonHeist/Prefab/Environment/SM_Env_Ceiling_Light_02.prefab
  artifactKey: Guid(2e2f1d22606ce1248921a032e380c735) Importer(815301076,1909f56bfc062723c751e8b465ee728b)
Start importing Assets/PolygonHeist/Prefab/Environment/SM_Env_Ceiling_Light_02.prefab using Guid(2e2f1d22606ce1248921a032e380c735) Importer(815301076,1909f56bfc062723c751e8b465ee728b)  -> (artifact id: 'ee90725b5c0542e9e08f74916d9115b3') in 0.016045 seconds 
========================================================================
Received Import Request.
  Time since last request: 0.000016 seconds.
  path: Assets/PolygonHeist/Prefab/Environment/SM_Env_Ceiling_03.prefab
  artifactKey: Guid(4fac641ddd324034eabd56634366b57a) Importer(815301076,1909f56bfc062723c751e8b465ee728b)
Start importing Assets/PolygonHeist/Prefab/Environment/SM_Env_Ceiling_03.prefab using Guid(4fac641ddd324034eabd56634366b57a) Importer(815301076,1909f56bfc062723c751e8b465ee728b)  -> (artifact id: '47d4459d64d4ef7cbfc9939ccc33b625') in 0.016956 seconds 
========================================================================
Received Import Request.
  Time since last request: 0.000017 seconds.
  path: Assets/PolygonHeist/Prefab/Environment/SM_Env_Ceiling_04.prefab
  artifactKey: Guid(004e91f427138d2438dc314caab4220d) Importer(815301076,1909f56bfc062723c751e8b465ee728b)
Start importing Assets/PolygonHeist/Prefab/Environment/SM_Env_Ceiling_04.prefab using Guid(004e91f427138d2438dc314caab4220d) Importer(815301076,1909f56bfc062723c751e8b465ee728b)  -> (artifact id: 'd66ac8120f2e6474dbb2a43217d1f95a') in 0.016058 seconds 
========================================================================
Received Import Request.
  Time since last request: 368.079065 seconds.
  path: Assets/PolygonHeist/Prefab/Masks/SM_Item_Mask_Simple_Man_01.prefab
  artifactKey: Guid(593f0cf20ebe5ec4db08b51779053d3f) Importer(815301076,1909f56bfc062723c751e8b465ee728b)
Start importing Assets/PolygonHeist/Prefab/Masks/SM_Item_Mask_Simple_Man_01.prefab using Guid(593f0cf20ebe5ec4db08b51779053d3f) Importer(815301076,1909f56bfc062723c751e8b465ee728b)  -> (artifact id: 'c4e829891f27e2bfb2f2cf19b26563cd') in 0.029024 seconds 
========================================================================
Received Import Request.
  Time since last request: 0.000018 seconds.
  path: Assets/PolygonHeist/Prefab/Masks/SM_Item_Mask_Simple_Robber_01.prefab
  artifactKey: Guid(705142479b09f0043b9b4ff84691b2b0) Importer(815301076,1909f56bfc062723c751e8b465ee728b)
Start importing Assets/PolygonHeist/Prefab/Masks/SM_Item_Mask_Simple_Robber_01.prefab using Guid(705142479b09f0043b9b4ff84691b2b0) Importer(815301076,1909f56bfc062723c751e8b465ee728b)  -> (artifact id: '0dcd9dcd18f51edfaecfbf6e48cc65e8') in 0.018541 seconds 
========================================================================
Received Import Request.
  Time since last request: 0.035546 seconds.
  path: Assets/PolygonHeist/Prefab/Masks/SM_Item_Mask_Simple_Woman_01.prefab
  artifactKey: Guid(05bb5227e8bf9f145920345bbd687941) Importer(815301076,1909f56bfc062723c751e8b465ee728b)
Start importing Assets/PolygonHeist/Prefab/Masks/SM_Item_Mask_Simple_Woman_01.prefab using Guid(05bb5227e8bf9f145920345bbd687941) Importer(815301076,1909f56bfc062723c751e8b465ee728b)  -> (artifact id: '02e68301e205958cbc21a6553a70a747') in 0.041896 seconds 
========================================================================
Received Import Request.
  Time since last request: 9578.757546 seconds.
  path: Assets/Menu/SkinShop/Prefabs/Character_Male_SWAT_01.prefab
  artifactKey: Guid(035412ef08c398d4e8e527522e2a2342) Importer(815301076,1909f56bfc062723c751e8b465ee728b)
Start importing Assets/Menu/SkinShop/Prefabs/Character_Male_SWAT_01.prefab using Guid(035412ef08c398d4e8e527522e2a2342) Importer(815301076,1909f56bfc062723c751e8b465ee728b)  -> (artifact id: '1fa06a9d98ac33f8cb3b1815b5128b44') in 0.056195 seconds 
========================================================================
Received Prepare
Registering precompiled user dll's ...
Registered in 0.007526 seconds.
Begin MonoManager ReloadAssembly
Symbol file LoadedFromMemory doesn't match image C:\Users\Mikhail\Desktop\Unity\Rainbow-shooter-2\Rainbow-shooter-2\Library\PackageCache\com.unity.visualscripting@1.8.0\Editor\VisualScripting.Core\Dependencies\YamlDotNet\Unity.VisualScripting.YamlDotNet.dll
Symbol file LoadedFromMemory doesn't match image C:\Users\Mikhail\Desktop\Unity\Rainbow-shooter-2\Rainbow-shooter-2\Library\PackageCache\com.unity.visualscripting@1.8.0\Editor\VisualScripting.Core\Dependencies\DotNetZip\Unity.VisualScripting.IonicZip.dll
Native extension for WindowsStandalone target not found
Native extension for WebGL target not found
Refreshing native plugins compatible for Editor in 2.43 ms, found 3 plugins.
Preloading 0 native plugins for Editor in 0.00 ms.
Mono: successfully reloaded assembly
- Completed reload, in  1.486 seconds
Domain Reload Profiling:
	ReloadAssembly (1487ms)
		BeginReloadAssembly (212ms)
			ExecutionOrderSort (0ms)
			DisableScriptedObjects (5ms)
			BackupInstance (0ms)
			ReleaseScriptingObjects (0ms)
			CreateAndSetChildDomain (49ms)
		EndReloadAssembly (1157ms)
			LoadAssemblies (152ms)
			RebuildTransferFunctionScriptingTraits (0ms)
			SetupTypeCache (524ms)
			ReleaseScriptCaches (1ms)
			RebuildScriptCaches (36ms)
			SetupLoadedEditorAssemblies (468ms)
				LogAssemblyErrors (0ms)
				InitializePlatformSupportModulesInManaged (13ms)
				SetLoadedEditorAssemblies (1ms)
				RefreshPlugins (2ms)
				BeforeProcessingInitializeOnLoad (74ms)
				ProcessInitializeOnLoadAttributes (214ms)
				ProcessInitializeOnLoadMethodAttributes (158ms)
				AfterProcessingInitializeOnLoad (7ms)
				EditorAssembliesLoaded (0ms)
			ExecutionOrderSort2 (0ms)
			AwakeInstancesAfterBackupRestoration (5ms)
Platform modules already initialized, skipping
Refreshing native plugins compatible for Editor in 4.40 ms, found 3 plugins.
Preloading 0 native plugins for Editor in 0.00 ms.
Unloading 4787 Unused Serialized files (Serialized files now loaded: 0)
Unloading 31 unused Assets / (25.6 KB). Loaded Objects now: 5325.
Memory consumption went from 302.4 MB to 302.4 MB.
Total: 3.488700 ms (FindLiveObjects: 0.319800 ms CreateObjectMapping: 0.244200 ms MarkObjects: 2.896300 ms  DeleteObjects: 0.027700 ms)

AssetImportParameters requested are different than current active one (requested -> active):
  custom:video-decoder-ogg-theora: a1e56fd34408186e4bbccfd4996cb3dc -> 
  custom:container-muxer-webm: aa71ff27fc2769a1b78a27578f13a17b -> 
  custom:container-demuxer-webm: 4f35f7cbe854078d1ac9338744f61a02 -> 
  custom:video-encoder-webm-vp8: eb34c28f22e8b96e1ab97ce403110664 -> 
  custom:audio-encoder-webm-vorbis: bf7c407c2cedff20999df2af8eb42d56 -> 
  custom:framework-win-MediaFoundation: 216162199b28c13a410421893ffa2e32 -> 
  custom:container-demuxer-ogg: 62fdf1f143b41e24485cea50d1cbac27 -> 
  custom:video-decoder-webm-vp8: 9c59270c3fd7afecdb556c50c9e8de78 -> 
  custom:audio-decoder-ogg-vorbis: bf7c407c2cedff20999df2af8eb42d56 -> 
